[2024-09-10T12:05:40.444813+02:00] ipt10.WARNING: [YOUR COMPLETE NAME] [] []
[2024-09-10T12:05:40.446738+02:00] ipt10.ERROR: [YOUR EMAIL ADDRESS] [] []
[2024-09-10T12:05:40.446804+02:00] ipt10.INFO: profile {"student_number":"[YOUR STUDENT NUMBER]","college":"[COLLEGE NAME]","program":"[PROGRAM NAME]","university":"[UNIVERSITY NAME]"} []
[2024-09-10T12:05:40.447779+02:00] ipt10.INFO: data [100,345,4563,65,234,6734,-99] []
[2024-09-10T12:05:40.447900+02:00] ipt10.INFO: object {"greet":"Greetings to [YOUR NAME]","average":1706,"largest":6734,"smallest":-99} []
[2024-09-10T12:08:50.824388+02:00] ipt10.WARNING: Keihle Dianne Gyraser L. Pascual [] []
[2024-09-10T12:08:50.825576+02:00] ipt10.ERROR: pascual.keihlediannegyraser@auf.edu.phu [] []
[2024-09-10T12:08:50.825810+02:00] ipt10.INFO: profile {"student_number":"21-2076-208","college":"CCS","program":"IT","university":"Angeles University Foundation"} []
[2024-09-10T12:08:50.826366+02:00] ipt10.INFO: data [100,345,4563,65,234,6734,-99] []
[2024-09-10T12:08:50.826416+02:00] ipt10.INFO: object {"greet":"Greetings to [YOUR NAME]","average":1706,"largest":6734,"smallest":-99} []
[2024-09-10T12:09:09.719614+02:00] ipt10.WARNING: Keihle Dianne Gyraser L. Pascual [] []
[2024-09-10T12:09:09.720850+02:00] ipt10.ERROR: pascual.keihlediannegyraser@auf.edu.phu [] []
[2024-09-10T12:09:09.720891+02:00] ipt10.INFO: profile {"student_number":"21-2076-208","college":"CCS","program":"IT","university":"Angeles University Foundation"} []
[2024-09-10T12:09:09.721613+02:00] ipt10.INFO: data [100,345,4563,65,234,6734,-99] []
[2024-09-10T12:09:09.721662+02:00] ipt10.INFO: object {"greet":"Greetings to Keihle Pascual","average":1706,"largest":6734,"smallest":-99} []
[2024-09-10T13:24:06.363522+02:00] ipt10.WARNING: Keihle Dianne Gyraser L. Pascual [] []
[2024-09-10T13:24:06.364844+02:00] ipt10.ERROR: pascual.keihlediannegyraser@auf.edu.phu [] []
[2024-09-10T13:24:06.364876+02:00] ipt10.INFO: profile {"student_number":"21-2076-208","college":"CCS","program":"IT","university":"Angeles University Foundation"} []
[2024-09-10T13:24:06.365350+02:00] ipt10.INFO: data [100,345,4563,65,234,6734,-99] []
[2024-09-10T13:24:06.365401+02:00] ipt10.INFO: object {"greet":"Greetings to Keihle Pascual","average":1706,"largest":6734,"smallest":-99} []
